This file contains any messages produced by compilers while
running configure, to aid debugging if configure makes a mistake.

It was created by cgicc configure 3.2.9, which was
generated by GNU Autoconf 2.64.  Invocation command line was

  $ ./configure --no-create --no-recursion

## --------- ##
## Platform. ##
## --------- ##

hostname = raspberrypi
uname -m = armv7l
uname -r = 4.19.97-v7l+
uname -s = Linux
uname -v = #1294 SMP Thu Jan 30 13:21:14 GMT 2020

/usr/bin/uname -p = unknown
/bin/uname -X     = unknown

/bin/arch              = unknown
/usr/bin/arch -k       = unknown
/usr/convex/getsysinfo = unknown
/usr/bin/hostinfo      = unknown
/bin/machine           = unknown
/usr/bin/oslevel       = unknown
/bin/universe          = unknown

PATH: /usr/local/sbin
PATH: /usr/local/bin
PATH: /usr/sbin
PATH: /usr/bin
PATH: /sbin
PATH: /bin
PATH: /usr/local/games
PATH: /usr/games


## ----------- ##
## Core tests. ##
## ----------- ##

configure:2554: checking for a BSD-compatible install
configure:2622: result: /usr/bin/install -c
configure:2633: checking whether build environment is sane
configure:2683: result: yes
configure:2824: checking for a thread-safe mkdir -p
configure:2863: result: /bin/mkdir -p
configure:2876: checking for gawk
configure:2906: result: no
configure:2876: checking for mawk
configure:2892: found /usr/bin/mawk
configure:2903: result: mawk
configure:2914: checking whether make sets $(MAKE)
configure:2936: result: yes
configure:3085: checking for g++
configure:3101: found /usr/bin/g++
configure:3112: result: g++
configure:3139: checking for C++ compiler version
configure:3148: g++ --version >&5
g++ (Raspbian 8.3.0-6+rpi1) 8.3.0
Copyright (C) 2018 Free Software Foundation, Inc.
This is free software; see the source for copying conditions.  There is NO
warranty; not even for MERCHANTABILITY or FITNESS FOR A PARTICULAR PURPOSE.

configure:3159: $? = 0
configure:3148: g++ -v >&5
Using built-in specs.
COLLECT_GCC=g++
COLLECT_LTO_WRAPPER=/usr/lib/gcc/arm-linux-gnueabihf/8/lto-wrapper
Target: arm-linux-gnueabihf
Configured with: ../src/configure -v --with-pkgversion='Raspbian 8.3.0-6+rpi1' --with-bugurl=file:///usr/share/doc/gcc-8/README.Bugs --enable-languages=c,ada,c++,go,d,fortran,objc,obj-c++ --prefix=/usr --with-gcc-major-version-only --program-suffix=-8 --program-prefix=arm-linux-gnueabihf- --enable-shared --enable-linker-build-id --libexecdir=/usr/lib --without-included-gettext --enable-threads=posix --libdir=/usr/lib --enable-nls --enable-bootstrap --enable-clocale=gnu --enable-libstdcxx-debug --enable-libstdcxx-time=yes --with-default-libstdcxx-abi=new --enable-gnu-unique-object --disable-libitm --disable-libquadmath --disable-libquadmath-support --enable-plugin --with-system-zlib --with-target-system-zlib --enable-objc-gc=auto --enable-multiarch --disable-sjlj-exceptions --with-arch=armv6 --with-fpu=vfp --with-float=hard --disable-werror --enable-checking=release --build=arm-linux-gnueabihf --host=arm-linux-gnueabihf --target=arm-linux-gnueabihf
Thread model: posix
gcc version 8.3.0 (Raspbian 8.3.0-6+rpi1) 
configure:3159: $? = 0
configure:3148: g++ -V >&5
g++: error: unrecognized command line option '-V'
g++: fatal error: no input files
compilation terminated.
configure:3159: $? = 1
configure:3148: g++ -qversion >&5
g++: error: unrecognized command line option '-qversion'; did you mean '--version'?
g++: fatal error: no input files
compilation terminated.
configure:3159: $? = 1
configure:3181: checking for C++ compiler default output file name
configure:3203: g++    conftest.cpp  >&5
configure:3207: $? = 0
configure:3244: result: a.out
configure:3260: checking whether the C++ compiler works
configure:3269: ./a.out
configure:3273: $? = 0
configure:3288: result: yes
configure:3295: checking whether we are cross compiling
configure:3297: result: no
configure:3300: checking for suffix of executables
configure:3307: g++ -o conftest    conftest.cpp  >&5
configure:3311: $? = 0
configure:3333: result: 
configure:3339: checking for suffix of object files
configure:3361: g++ -c   conftest.cpp >&5
configure:3365: $? = 0
configure:3386: result: o
configure:3390: checking whether we are using the GNU C++ compiler
configure:3409: g++ -c   conftest.cpp >&5
configure:3409: $? = 0
configure:3418: result: yes
configure:3427: checking whether g++ accepts -g
configure:3447: g++ -c -g  conftest.cpp >&5
configure:3447: $? = 0
configure:3488: result: yes
configure:3522: checking for style of include used by make
configure:3550: result: GNU
configure:3575: checking dependency style of g++
configure:3685: result: gcc3
configure:3730: checking build system type
configure:3744: result: armv7l-unknown-linux-gnueabi
configure:3764: checking host system type
configure:3777: result: armv7l-unknown-linux-gnueabi
configure:3845: checking for gcc
configure:3861: found /usr/bin/gcc
configure:3872: result: gcc
configure:4101: checking for C compiler version
configure:4110: gcc --version >&5
gcc (Raspbian 8.3.0-6+rpi1) 8.3.0
Copyright (C) 2018 Free Software Foundation, Inc.
This is free software; see the source for copying conditions.  There is NO
warranty; not even for MERCHANTABILITY or FITNESS FOR A PARTICULAR PURPOSE.

configure:4121: $? = 0
configure:4110: gcc -v >&5
Using built-in specs.
COLLECT_GCC=gcc
COLLECT_LTO_WRAPPER=/usr/lib/gcc/arm-linux-gnueabihf/8/lto-wrapper
Target: arm-linux-gnueabihf
Configured with: ../src/configure -v --with-pkgversion='Raspbian 8.3.0-6+rpi1' --with-bugurl=file:///usr/share/doc/gcc-8/README.Bugs --enable-languages=c,ada,c++,go,d,fortran,objc,obj-c++ --prefix=/usr --with-gcc-major-version-only --program-suffix=-8 --program-prefix=arm-linux-gnueabihf- --enable-shared --enable-linker-build-id --libexecdir=/usr/lib --without-included-gettext --enable-threads=posix --libdir=/usr/lib --enable-nls --enable-bootstrap --enable-clocale=gnu --enable-libstdcxx-debug --enable-libstdcxx-time=yes --with-default-libstdcxx-abi=new --enable-gnu-unique-object --disable-libitm --disable-libquadmath --disable-libquadmath-support --enable-plugin --with-system-zlib --with-target-system-zlib --enable-objc-gc=auto --enable-multiarch --disable-sjlj-exceptions --with-arch=armv6 --with-fpu=vfp --with-float=hard --disable-werror --enable-checking=release --build=arm-linux-gnueabihf --host=arm-linux-gnueabihf --target=arm-linux-gnueabihf
Thread model: posix
gcc version 8.3.0 (Raspbian 8.3.0-6+rpi1) 
configure:4121: $? = 0
configure:4110: gcc -V >&5
gcc: error: unrecognized command line option '-V'
gcc: fatal error: no input files
compilation terminated.
configure:4121: $? = 1
configure:4110: gcc -qversion >&5
gcc: error: unrecognized command line option '-qversion'; did you mean '--version'?
gcc: fatal error: no input files
compilation terminated.
configure:4121: $? = 1
configure:4125: checking whether we are using the GNU C compiler
configure:4144: gcc -c   conftest.c >&5
configure:4144: $? = 0
configure:4153: result: yes
configure:4162: checking whether gcc accepts -g
configure:4182: gcc -c -g  conftest.c >&5
configure:4182: $? = 0
configure:4223: result: yes
configure:4240: checking for gcc option to accept ISO C89
configure:4304: gcc  -c -g -O2  conftest.c >&5
configure:4304: $? = 0
configure:4317: result: none needed
configure:4339: checking dependency style of gcc
configure:4449: result: gcc3
configure:4464: checking for a sed that does not truncate output
configure:4528: result: /bin/sed
configure:4546: checking for grep that handles long lines and -e
configure:4604: result: /bin/grep
configure:4609: checking for egrep
configure:4671: result: /bin/grep -E
configure:4676: checking for fgrep
configure:4738: result: /bin/grep -F
configure:4773: checking for ld used by gcc
configure:4840: result: /usr/bin/ld
configure:4847: checking if the linker (/usr/bin/ld) is GNU ld
configure:4862: result: yes
configure:4874: checking for BSD- or MS-compatible name lister (nm)
configure:4923: result: /usr/bin/nm -B
configure:5041: checking the name lister (/usr/bin/nm -B) interface
configure:5052: g++ -c -g -O2  conftest.cpp >&5
configure:5055: /usr/bin/nm -B "conftest.o"
configure:5058: output
00000000 B some_variable
configure:5055: result: BSD nm
configure:5058: checking whether ln -s works
configure:5062: result: yes
configure:5070: checking the maximum length of command line arguments
configure:5190: result: 1572864
configure:5207: checking whether the shell understands some XSI constructs
configure:5216: result: yes
configure:5220: checking whether the shell understands "+="
configure:5224: result: yes
configure:5259: checking for /usr/bin/ld option to reload object files
configure:5266: result: -r
configure:5335: checking for objdump
configure:5351: found /usr/bin/objdump
configure:5362: result: objdump
configure:5394: checking how to recognize dependent libraries
configure:5590: result: pass_all
configure:5650: checking for ar
configure:5666: found /usr/bin/ar
configure:5677: result: ar
configure:5755: checking for strip
configure:5771: found /usr/bin/strip
configure:5782: result: strip
configure:5854: checking for ranlib
configure:5870: found /usr/bin/ranlib
configure:5881: result: ranlib
configure:5971: checking command to parse /usr/bin/nm -B output from gcc object
configure:6089: g++ -c -g -O2  conftest.cpp >&5
configure:6092: $? = 0
configure:6096: /usr/bin/nm -B conftest.o \| sed -n -e 's/^.*[	 ]\([ABCDGIRSTW][ABCDGIRSTW]*\)[	 ][	 ]*\([_A-Za-z][_A-Za-z0-9]*\)$/\1 \2 \2/p' \> conftest.nm
configure:6099: $? = 0
configure:6153: g++ -o conftest -g -O2   conftest.cpp conftstm.o >&5
configure:6156: $? = 0
configure:6194: result: ok
configure:7003: checking how to run the C preprocessor
configure:7034: gcc -E  conftest.c
configure:7034: $? = 0
configure:7048: gcc -E  conftest.c
conftest.c:11:10: fatal error: ac_nonexistent.h: No such file or directory
 #include <ac_nonexistent.h>
          ^~~~~~~~~~~~~~~~~~
compilation terminated.
configure:7048: $? = 1
configure: failed program was:
| /* confdefs.h */
| #define PACKAGE_NAME "cgicc"
| #define PACKAGE_TARNAME "cgicc"
| #define PACKAGE_VERSION "3.2.9"
| #define PACKAGE_STRING "cgicc 3.2.9"
| #define PACKAGE_BUGREPORT "bug-cgicc@gnu.org"
| #define PACKAGE_URL ""
| #define PACKAGE "cgicc"
| #define VERSION "3.2.9"
| /* end confdefs.h.  */
| #include <ac_nonexistent.h>
configure:7073: result: gcc -E
configure:7093: gcc -E  conftest.c
configure:7093: $? = 0
configure:7107: gcc -E  conftest.c
conftest.c:11:10: fatal error: ac_nonexistent.h: No such file or directory
 #include <ac_nonexistent.h>
          ^~~~~~~~~~~~~~~~~~
compilation terminated.
configure:7107: $? = 1
configure: failed program was:
| /* confdefs.h */
| #define PACKAGE_NAME "cgicc"
| #define PACKAGE_TARNAME "cgicc"
| #define PACKAGE_VERSION "3.2.9"
| #define PACKAGE_STRING "cgicc 3.2.9"
| #define PACKAGE_BUGREPORT "bug-cgicc@gnu.org"
| #define PACKAGE_URL ""
| #define PACKAGE "cgicc"
| #define VERSION "3.2.9"
| /* end confdefs.h.  */
| #include <ac_nonexistent.h>
configure:7136: checking for ANSI C header files
configure:7156: gcc -c -g -O2  conftest.c >&5
configure:7156: $? = 0
configure:7229: gcc -o conftest -g -O2   conftest.c  >&5
configure:7229: $? = 0
configure:7229: ./conftest
configure:7229: $? = 0
configure:7240: result: yes
configure:7253: checking for sys/types.h
configure:7253: gcc -c -g -O2  conftest.c >&5
configure:7253: $? = 0
configure:7253: result: yes
configure:7253: checking for sys/stat.h
configure:7253: gcc -c -g -O2  conftest.c >&5
configure:7253: $? = 0
configure:7253: result: yes
configure:7253: checking for stdlib.h
configure:7253: gcc -c -g -O2  conftest.c >&5
configure:7253: $? = 0
configure:7253: result: yes
configure:7253: checking for string.h
configure:7253: gcc -c -g -O2  conftest.c >&5
configure:7253: $? = 0
configure:7253: result: yes
configure:7253: checking for memory.h
configure:7253: gcc -c -g -O2  conftest.c >&5
configure:7253: $? = 0
configure:7253: result: yes
configure:7253: checking for strings.h
configure:7253: gcc -c -g -O2  conftest.c >&5
configure:7253: $? = 0
configure:7253: result: yes
configure:7253: checking for inttypes.h
configure:7253: gcc -c -g -O2  conftest.c >&5
configure:7253: $? = 0
configure:7253: result: yes
configure:7253: checking for stdint.h
configure:7253: gcc -c -g -O2  conftest.c >&5
configure:7253: $? = 0
configure:7253: result: yes
configure:7253: checking for unistd.h
configure:7253: gcc -c -g -O2  conftest.c >&5
configure:7253: $? = 0
configure:7253: result: yes
configure:7268: checking for dlfcn.h
configure:7268: gcc -c -g -O2  conftest.c >&5
configure:7268: $? = 0
configure:7268: result: yes
configure:7393: checking for C++ compiler version
configure:7402: g++ --version >&5
g++ (Raspbian 8.3.0-6+rpi1) 8.3.0
Copyright (C) 2018 Free Software Foundation, Inc.
This is free software; see the source for copying conditions.  There is NO
warranty; not even for MERCHANTABILITY or FITNESS FOR A PARTICULAR PURPOSE.

configure:7413: $? = 0
configure:7402: g++ -v >&5
Using built-in specs.
COLLECT_GCC=g++
COLLECT_LTO_WRAPPER=/usr/lib/gcc/arm-linux-gnueabihf/8/lto-wrapper
Target: arm-linux-gnueabihf
Configured with: ../src/configure -v --with-pkgversion='Raspbian 8.3.0-6+rpi1' --with-bugurl=file:///usr/share/doc/gcc-8/README.Bugs --enable-languages=c,ada,c++,go,d,fortran,objc,obj-c++ --prefix=/usr --with-gcc-major-version-only --program-suffix=-8 --program-prefix=arm-linux-gnueabihf- --enable-shared --enable-linker-build-id --libexecdir=/usr/lib --without-included-gettext --enable-threads=posix --libdir=/usr/lib --enable-nls --enable-bootstrap --enable-clocale=gnu --enable-libstdcxx-debug --enable-libstdcxx-time=yes --with-default-libstdcxx-abi=new --enable-gnu-unique-object --disable-libitm --disable-libquadmath --disable-libquadmath-support --enable-plugin --with-system-zlib --with-target-system-zlib --enable-objc-gc=auto --enable-multiarch --disable-sjlj-exceptions --with-arch=armv6 --with-fpu=vfp --with-float=hard --disable-werror --enable-checking=release --build=arm-linux-gnueabihf --host=arm-linux-gnueabihf --target=arm-linux-gnueabihf
Thread model: posix
gcc version 8.3.0 (Raspbian 8.3.0-6+rpi1) 
configure:7413: $? = 0
configure:7402: g++ -V >&5
g++: error: unrecognized command line option '-V'
g++: fatal error: no input files
compilation terminated.
configure:7413: $? = 1
configure:7402: g++ -qversion >&5
g++: error: unrecognized command line option '-qversion'; did you mean '--version'?
g++: fatal error: no input files
compilation terminated.
configure:7413: $? = 1
configure:7417: checking whether we are using the GNU C++ compiler
configure:7445: result: yes
configure:7454: checking whether g++ accepts -g
configure:7515: result: yes
configure:7540: checking dependency style of g++
configure:7650: result: gcc3
configure:7673: checking how to run the C++ preprocessor
configure:7700: g++ -E  conftest.cpp
configure:7700: $? = 0
configure:7714: g++ -E  conftest.cpp
conftest.cpp:22:10: fatal error: ac_nonexistent.h: No such file or directory
 #include <ac_nonexistent.h>
          ^~~~~~~~~~~~~~~~~~
compilation terminated.
configure:7714: $? = 1
configure: failed program was:
| /* confdefs.h */
| #define PACKAGE_NAME "cgicc"
| #define PACKAGE_TARNAME "cgicc"
| #define PACKAGE_VERSION "3.2.9"
| #define PACKAGE_STRING "cgicc 3.2.9"
| #define PACKAGE_BUGREPORT "bug-cgicc@gnu.org"
| #define PACKAGE_URL ""
| #define PACKAGE "cgicc"
| #define VERSION "3.2.9"
| #define STDC_HEADERS 1
| #define HAVE_SYS_TYPES_H 1
| #define HAVE_SYS_STAT_H 1
| #define HAVE_STDLIB_H 1
| #define HAVE_STRING_H 1
| #define HAVE_MEMORY_H 1
| #define HAVE_STRINGS_H 1
| #define HAVE_INTTYPES_H 1
| #define HAVE_STDINT_H 1
| #define HAVE_UNISTD_H 1
| #define HAVE_DLFCN_H 1
| /* end confdefs.h.  */
| #include <ac_nonexistent.h>
configure:7739: result: g++ -E
configure:7759: g++ -E  conftest.cpp
configure:7759: $? = 0
configure:7773: g++ -E  conftest.cpp
conftest.cpp:22:10: fatal error: ac_nonexistent.h: No such file or directory
 #include <ac_nonexistent.h>
          ^~~~~~~~~~~~~~~~~~
compilation terminated.
configure:7773: $? = 1
configure: failed program was:
| /* confdefs.h */
| #define PACKAGE_NAME "cgicc"
| #define PACKAGE_TARNAME "cgicc"
| #define PACKAGE_VERSION "3.2.9"
| #define PACKAGE_STRING "cgicc 3.2.9"
| #define PACKAGE_BUGREPORT "bug-cgicc@gnu.org"
| #define PACKAGE_URL ""
| #define PACKAGE "cgicc"
| #define VERSION "3.2.9"
| #define STDC_HEADERS 1
| #define HAVE_SYS_TYPES_H 1
| #define HAVE_SYS_STAT_H 1
| #define HAVE_STDLIB_H 1
| #define HAVE_STRING_H 1
| #define HAVE_MEMORY_H 1
| #define HAVE_STRINGS_H 1
| #define HAVE_INTTYPES_H 1
| #define HAVE_STDINT_H 1
| #define HAVE_UNISTD_H 1
| #define HAVE_DLFCN_H 1
| /* end confdefs.h.  */
| #include <ac_nonexistent.h>
configure:7979: checking for objdir
configure:7994: result: .libs
configure:8286: checking if gcc supports -fno-rtti -fno-exceptions
configure:8317: gcc -c -g -O2  -fno-rtti -fno-exceptions conftest.c >&5
cc1: warning: command line option '-fno-rtti' is valid for C++/ObjC++ but not for C
configure:8321: $? = 0
configure:8321: result: no
configure:8341: checking for gcc option to produce PIC
configure:8613: result: -fPIC -DPIC
configure:8625: checking if gcc PIC flag -fPIC -DPIC works
configure:8656: gcc -c -g -O2  -fPIC -DPIC -DPIC conftest.c >&5
configure:8660: $? = 0
configure:8660: result: yes
configure:8684: checking if gcc static flag -static works
configure:8712: result: yes
configure:8727: checking if gcc supports -c -o file.o
configure:8761: gcc -c -g -O2  -o out/conftest2.o conftest.c >&5
configure:8765: $? = 0
configure:8774: result: yes
configure:8782: checking if gcc supports -c -o file.o
configure:8829: result: yes
configure:8862: checking whether the gcc linker (/usr/bin/ld) supports shared libraries
configure:9852: result: yes
configure:9889: checking whether -lc should be explicitly linked in
configure:9894: gcc -c -g -O2  conftest.c >&5
configure:9897: $? = 0
configure:9912: gcc -shared conftest.o  -v -Wl,-soname -Wl,conftest -o conftest 2\>\&1 \| /bin/grep  -lc  \>/dev/null 2\>\&1
configure:9915: $? = 0
configure:9927: result: no
configure:10091: checking dynamic linker characteristics
configure:10524: gcc -o conftest -g -O2   -Wl,-rpath -Wl,/foo conftest.c  >&5
configure:10524: $? = 0
configure:10754: result: GNU/Linux ld.so
configure:10856: checking how to hardcode library paths into programs
configure:10881: result: immediate
configure:11401: checking whether stripping libraries is possible
configure:11406: result: yes
configure:11441: checking if libtool supports shared libraries
configure:11443: result: yes
configure:11446: checking whether to build shared libraries
configure:11467: result: yes
configure:11470: checking whether to build static libraries
configure:11474: result: yes
configure:8893: checking for ld used by g++
configure:8960: result: /usr/bin/ld
configure:8967: checking if the linker (/usr/bin/ld) is GNU ld
configure:8982: result: yes
configure:9037: checking whether the g++ linker (/usr/bin/ld) supports shared libraries
configure:9950: result: yes
configure:9978: g++ -c -g -O2  conftest.cpp >&5
configure:9981: $? = 0
configure:10163: checking for g++ option to produce PIC
configure:10480: result: -fPIC -DPIC
configure:10489: checking if g++ PIC flag -fPIC -DPIC works
configure:13251: g++ -c -g -O2  -fPIC -DPIC -DPIC conftest.cpp >&5
configure:13255: $? = 0
configure:10524: result: yes
configure:10545: checking if g++ static flag -static works
configure:10573: result: yes
configure:10585: checking if g++ supports -c -o file.o
configure:13350: g++ -c -g -O2  -o out/conftest2.o conftest.cpp >&5
configure:13354: $? = 0
configure:10632: result: yes
configure:10637: checking if g++ supports -c -o file.o
configure:10684: result: yes
configure:10714: checking whether the g++ linker (/usr/bin/ld) supports shared libraries
configure:10743: result: yes
configure:10880: checking dynamic linker characteristics
configure:11261: g++ -o conftest -g -O2   -Wl,-rpath -Wl,/foo conftest.cpp  >&5
configure:11261: $? = 0
configure:11491: result: GNU/Linux ld.so
configure:11542: checking how to hardcode library paths into programs
configure:11567: result: immediate
configure:10637: checking for doxygen
configure:10665: result: /bin/echo
configure:10679: checking for gethostbyaddr in -lnsl
configure:10704: g++ -o conftest -g -O2   conftest.cpp -lnsl   >&5
configure:10704: $? = 0
configure:10713: result: yes
configure:10726: checking sys/time.h usability
configure:10726: g++ -c -g -O2  conftest.cpp >&5
configure:10726: $? = 0
configure:10726: result: yes
configure:10726: checking sys/time.h presence
configure:10726: g++ -E  conftest.cpp
configure:10726: $? = 0
configure:10726: result: yes
configure:10726: checking for sys/time.h
configure:10726: result: yes
configure:10726: checking sys/utsname.h usability
configure:10726: g++ -c -g -O2  conftest.cpp >&5
configure:10726: $? = 0
configure:10726: result: yes
configure:10726: checking sys/utsname.h presence
configure:10726: g++ -E  conftest.cpp
configure:10726: $? = 0
configure:10726: result: yes
configure:10726: checking for sys/utsname.h
configure:10726: result: yes
configure:10745: checking whether the C++ compiler (g++) is aCC
configure:10758: result: no
configure:10767: checking whether the compiler implements namespaces
configure:10790: g++ -c -g -O2  conftest.cpp >&5
configure:10790: $? = 0
configure:10804: result: yes
configure:10813: checking whether the compiler supports Standard Template Library
configure:10842: g++ -c -g -O2  conftest.cpp >&5
configure:10842: $? = 0
configure:10856: result: yes
configure:10865: checking maximum C++ compiler warning level
configure:10871: result: -Wall -W -pedantic
configure:10878: checking for gettimeofday
configure:10878: g++ -o conftest -Wall -W -pedantic -g -O2   conftest.cpp  >&5
configure:10878: $? = 0
configure:10878: result: yes
configure:10878: checking for uname
configure:10878: g++ -o conftest -Wall -W -pedantic -g -O2   conftest.cpp  >&5
configure:10878: $? = 0
configure:10878: result: yes
configure:10900: checking whether to build the cgicc demos
configure:10902: result: yes
configure:10929: checking whether to build the cgicc fcgi demos
configure:10931: result: no
configure:11122: creating ./config.status

## ---------------- ##
## Cache variables. ##
## ---------------- ##

ac_cv_build=armv7l-unknown-linux-gnueabi
ac_cv_c_compiler_gnu=yes
ac_cv_cxx_compiler_gnu=yes
ac_cv_cxx_have_stl=yes
ac_cv_cxx_namespaces=yes
ac_cv_env_CCC_set=
ac_cv_env_CCC_value=
ac_cv_env_CC_set=
ac_cv_env_CC_value=
ac_cv_env_CFLAGS_set=
ac_cv_env_CFLAGS_value=
ac_cv_env_CPPFLAGS_set=
ac_cv_env_CPPFLAGS_value=
ac_cv_env_CPP_set=
ac_cv_env_CPP_value=
ac_cv_env_CXXCPP_set=
ac_cv_env_CXXCPP_value=
ac_cv_env_CXXFLAGS_set=
ac_cv_env_CXXFLAGS_value=
ac_cv_env_CXX_set=
ac_cv_env_CXX_value=
ac_cv_env_LDFLAGS_set=
ac_cv_env_LDFLAGS_value=
ac_cv_env_LIBS_set=
ac_cv_env_LIBS_value=
ac_cv_env_build_alias_set=
ac_cv_env_build_alias_value=
ac_cv_env_host_alias_set=
ac_cv_env_host_alias_value=
ac_cv_env_target_alias_set=
ac_cv_env_target_alias_value=
ac_cv_func_gettimeofday=yes
ac_cv_func_uname=yes
ac_cv_header_dlfcn_h=yes
ac_cv_header_inttypes_h=yes
ac_cv_header_memory_h=yes
ac_cv_header_stdc=yes
ac_cv_header_stdint_h=yes
ac_cv_header_stdlib_h=yes
ac_cv_header_string_h=yes
ac_cv_header_strings_h=yes
ac_cv_header_sys_stat_h=yes
ac_cv_header_sys_time_h=yes
ac_cv_header_sys_types_h=yes
ac_cv_header_sys_utsname_h=yes
ac_cv_header_unistd_h=yes
ac_cv_host=armv7l-unknown-linux-gnueabi
ac_cv_lib_nsl_gethostbyaddr=yes
ac_cv_objext=o
ac_cv_path_EGREP='/bin/grep -E'
ac_cv_path_FGREP='/bin/grep -F'
ac_cv_path_GREP=/bin/grep
ac_cv_path_SED=/bin/sed
ac_cv_path_install='/usr/bin/install -c'
ac_cv_path_mkdir=/bin/mkdir
ac_cv_prog_AWK=mawk
ac_cv_prog_CPP='gcc -E'
ac_cv_prog_CXXCPP='g++ -E'
ac_cv_prog_DOXYGEN=/bin/echo
ac_cv_prog_ac_ct_AR=ar
ac_cv_prog_ac_ct_CC=gcc
ac_cv_prog_ac_ct_CXX=g++
ac_cv_prog_ac_ct_OBJDUMP=objdump
ac_cv_prog_ac_ct_RANLIB=ranlib
ac_cv_prog_ac_ct_STRIP=strip
ac_cv_prog_cc_c89=
ac_cv_prog_cc_g=yes
ac_cv_prog_cxx_g=yes
ac_cv_prog_make_make_set=yes
am_cv_CC_dependencies_compiler_type=gcc3
am_cv_CXX_dependencies_compiler_type=gcc3
cgicc_cv_acc=no
lt_cv_deplibs_check_method=pass_all
lt_cv_file_magic_cmd='$MAGIC_CMD'
lt_cv_file_magic_test_file=
lt_cv_ld_reload_flag=-r
lt_cv_nm_interface='BSD nm'
lt_cv_objdir=.libs
lt_cv_path_LD=/usr/bin/ld
lt_cv_path_LDCXX=/usr/bin/ld
lt_cv_path_NM='/usr/bin/nm -B'
lt_cv_prog_compiler_c_o=yes
lt_cv_prog_compiler_c_o_CXX=yes
lt_cv_prog_compiler_pic_works=yes
lt_cv_prog_compiler_pic_works_CXX=yes
lt_cv_prog_compiler_rtti_exceptions=no
lt_cv_prog_compiler_static_works=yes
lt_cv_prog_compiler_static_works_CXX=yes
lt_cv_prog_gnu_ld=yes
lt_cv_prog_gnu_ldcxx=yes
lt_cv_sys_global_symbol_pipe='sed -n -e '\''s/^.*[	 ]\([ABCDGIRSTW][ABCDGIRSTW]*\)[	 ][	 ]*\([_A-Za-z][_A-Za-z0-9]*\)$/\1 \2 \2/p'\'''
lt_cv_sys_global_symbol_to_c_name_address='sed -n -e '\''s/^: \([^ ]*\) $/  {\"\1\", (void *) 0},/p'\'' -e '\''s/^[ABCDGIRSTW]* \([^ ]*\) \([^ ]*\)$/  {"\2", (void *) \&\2},/p'\'''
lt_cv_sys_global_symbol_to_c_name_address_lib_prefix='sed -n -e '\''s/^: \([^ ]*\) $/  {\"\1\", (void *) 0},/p'\'' -e '\''s/^[ABCDGIRSTW]* \([^ ]*\) \(lib[^ ]*\)$/  {"\2", (void *) \&\2},/p'\'' -e '\''s/^[ABCDGIRSTW]* \([^ ]*\) \([^ ]*\)$/  {"lib\2", (void *) \&\2},/p'\'''
lt_cv_sys_global_symbol_to_cdecl='sed -n -e '\''s/^T .* \(.*\)$/extern int \1();/p'\'' -e '\''s/^[ABCDGIRSTW]* .* \(.*\)$/extern char \1;/p'\'''
lt_cv_sys_max_cmd_len=1572864

## ----------------- ##
## Output variables. ##
## ----------------- ##

ACLOCAL='${SHELL} /var/www/cgicc-3.2.9/support/missing --run aclocal-1.11'
AMDEPBACKSLASH='\'
AMDEP_FALSE='#'
AMDEP_TRUE=''
AMTAR='${SHELL} /var/www/cgicc-3.2.9/support/missing --run tar'
AR='ar'
AUTOCONF='${SHELL} /var/www/cgicc-3.2.9/support/missing --run autoconf'
AUTOHEADER='${SHELL} /var/www/cgicc-3.2.9/support/missing --run autoheader'
AUTOMAKE='${SHELL} /var/www/cgicc-3.2.9/support/missing --run automake-1.11'
AWK='mawk'
CC='gcc'
CCDEPMODE='depmode=gcc3'
CFLAGS='-g -O2'
CPP='gcc -E'
CPPFLAGS=''
CXX='g++'
CXXCPP='g++ -E'
CXXDEPMODE='depmode=gcc3'
CXXFLAGS='-Wall -W -pedantic -g -O2'
CYGPATH_W='echo'
DEFS='-DHAVE_CONFIG_H'
DEMOS_FALSE='#'
DEMOS_TRUE=''
DEMO_LIBS=''
DEPDIR='.deps'
DOXYGEN='/bin/echo'
DSYMUTIL=''
DUMPBIN=''
ECHO_C=''
ECHO_N='-n'
ECHO_T=''
EGREP='/bin/grep -E'
EXEEXT=''
FCGI_DEMOS_FALSE=''
FCGI_DEMOS_TRUE='#'
FCGI_LIBS=''
FGREP='/bin/grep -F'
GREP='/bin/grep'
INSTALL_DATA='${INSTALL} -m 644'
INSTALL_PROGRAM='${INSTALL}'
INSTALL_SCRIPT='${INSTALL}'
INSTALL_STRIP_PROGRAM='$(install_sh) -c -s'
LD='/usr/bin/ld'
LDFLAGS=''
LIBOBJS=''
LIBS=''
LIBTOOL='$(SHELL) $(top_builddir)/libtool'
LIB_NET='-lnsl'
LIPO=''
LN_S='ln -s'
LTLIBOBJS=''
MAKEINFO='${SHELL} /var/www/cgicc-3.2.9/support/missing --run makeinfo'
MKDIR_P='/bin/mkdir -p'
NM='/usr/bin/nm -B'
NMEDIT=''
OBJDUMP='objdump'
OBJEXT='o'
OTOOL64=''
OTOOL=''
PACKAGE='cgicc'
PACKAGE_BUGREPORT='bug-cgicc@gnu.org'
PACKAGE_NAME='cgicc'
PACKAGE_STRING='cgicc 3.2.9'
PACKAGE_TARNAME='cgicc'
PACKAGE_URL=''
PACKAGE_VERSION='3.2.9'
PATH_SEPARATOR=':'
RANLIB='ranlib'
SED='/bin/sed'
SET_MAKE=''
SHELL='/bin/bash'
STRIP='strip'
VERSION='3.2.9'
ac_ct_CC='gcc'
ac_ct_CXX='g++'
ac_ct_DUMPBIN=''
am__EXEEXT_FALSE=''
am__EXEEXT_TRUE='#'
am__fastdepCC_FALSE='#'
am__fastdepCC_TRUE=''
am__fastdepCXX_FALSE='#'
am__fastdepCXX_TRUE=''
am__include='include'
am__isrc=''
am__leading_dot='.'
am__quote=''
am__tar='${AMTAR} chof - "$$tardir"'
am__untar='${AMTAR} xf -'
bindir='${exec_prefix}/bin'
build='armv7l-unknown-linux-gnueabi'
build_alias=''
build_cpu='armv7l'
build_os='linux-gnueabi'
build_vendor='unknown'
datadir='${datarootdir}'
datarootdir='${prefix}/share'
docdir='${datarootdir}/doc/${PACKAGE_TARNAME}'
dvidir='${docdir}'
exec_prefix='${prefix}'
host='armv7l-unknown-linux-gnueabi'
host_alias=''
host_cpu='armv7l'
host_os='linux-gnueabi'
host_vendor='unknown'
htmldir='${docdir}'
includedir='${prefix}/include'
infodir='${datarootdir}/info'
install_sh='${SHELL} /var/www/cgicc-3.2.9/support/install-sh'
libdir='${exec_prefix}/lib'
libexecdir='${exec_prefix}/libexec'
localedir='${datarootdir}/locale'
localstatedir='${prefix}/var'
lt_ECHO='echo'
mandir='${datarootdir}/man'
mkdir_p='/bin/mkdir -p'
oldincludedir='/usr/include'
pdfdir='${docdir}'
prefix='/usr'
program_transform_name='s,x,x,'
psdir='${docdir}'
sbindir='${exec_prefix}/sbin'
sharedstatedir='${prefix}/com'
sysconfdir='${prefix}/etc'
target_alias=''

## ----------- ##
## confdefs.h. ##
## ----------- ##

/* confdefs.h */
#define PACKAGE_NAME "cgicc"
#define PACKAGE_TARNAME "cgicc"
#define PACKAGE_VERSION "3.2.9"
#define PACKAGE_STRING "cgicc 3.2.9"
#define PACKAGE_BUGREPORT "bug-cgicc@gnu.org"
#define PACKAGE_URL ""
#define PACKAGE "cgicc"
#define VERSION "3.2.9"
#define STDC_HEADERS 1
#define HAVE_SYS_TYPES_H 1
#define HAVE_SYS_STAT_H 1
#define HAVE_STDLIB_H 1
#define HAVE_STRING_H 1
#define HAVE_MEMORY_H 1
#define HAVE_STRINGS_H 1
#define HAVE_INTTYPES_H 1
#define HAVE_STDINT_H 1
#define HAVE_UNISTD_H 1
#define HAVE_DLFCN_H 1
#define LT_OBJDIR ".libs/"
#define HAVE_SYS_TIME_H 1
#define HAVE_SYS_UTSNAME_H 1
#define HOST "armv7l-unknown-linux-gnueabi"
#define HAVE_NAMESPACES /**/
#define HAVE_STL /**/
#define HAVE_GETTIMEOFDAY 1
#define HAVE_UNAME 1

configure: exit 0

## ---------------------- ##
## Running config.status. ##
## ---------------------- ##

This file was extended by cgicc config.status 3.2.9, which was
generated by GNU Autoconf 2.64.  Invocation command line was

  CONFIG_FILES    = 
  CONFIG_HEADERS  = 
  CONFIG_LINKS    = 
  CONFIG_COMMANDS = 
  $ ./config.status 

on raspberrypi

config.status:1139: creating demo/Makefile
config.status:1139: creating contrib/Makefile
config.status:1139: creating Makefile
config.status:1139: creating cgicc/Makefile
config.status:1139: creating cgicc/CgiDefs.h
config.status:1139: creating support/Makefile
config.status:1139: creating support/cgicc-config
config.status:1139: creating doc/Makefile
config.status:1139: creating doc/Doxyfile
config.status:1139: creating cgicc/config.h
config.status:1311: cgicc/config.h is unchanged
config.status:1359: executing depfiles commands
config.status:1359: executing libtool commands

## ---------------------- ##
## Running config.status. ##
## ---------------------- ##

This file was extended by cgicc config.status 3.2.9, which was
generated by GNU Autoconf 2.64.  Invocation command line was

  CONFIG_FILES    = 
  CONFIG_HEADERS  = 
  CONFIG_LINKS    = 
  CONFIG_COMMANDS = 
  $ ./config.status cgicc/config.h

on raspberrypi

config.status:1139: creating cgicc/config.h
config.status:1311: cgicc/config.h is unchanged
